[12:17:28] [main/INFO] (FabricLoader/GameProvider) Loading Minecraft 1.21 with Fabric Loader 0.16.9
[12:17:28] [main/INFO] (FabricLoader) Loading 60 mods:
	- fabric-api 0.102.0+1.21
	- fabric-api-base 0.4.42+6573ed8cd1
	- fabric-api-lookup-api-v1 1.6.68+b5597344d1
	- fabric-biome-api-v1 13.0.29+5bd9f1bcd1
	- fabric-block-api-v1 1.0.22+0af3f5a7d1
	- fabric-block-view-api-v2 1.0.10+6573ed8cd1
	- fabric-blockrenderlayer-v1 1.1.52+0af3f5a7d1
	- fabric-client-tags-api-v1 1.1.15+6573ed8cd1
	- fabric-command-api-v1 1.2.49+f71b366fd1
	- fabric-command-api-v2 2.2.28+6ced4dd9d1
	- fabric-commands-v0 0.2.66+df3654b3d1
	- fabric-content-registries-v0 8.0.16+b5597344d1
	- fabric-convention-tags-v1 2.0.19+7f945d5bd1
	- fabric-convention-tags-v2 2.5.0+c5e2b5c6d1
	- fabric-crash-report-info-v1 0.2.29+0af3f5a7d1
	- fabric-data-attachment-api-v1 1.1.27+6a6dfa19d1
	- fabric-data-generation-api-v1 20.2.16+16c4ae25d1
	- fabric-dimensions-v1 4.0.0+6fc22b99d1
	- fabric-entity-events-v1 1.6.12+6fc22b99d1
	- fabric-events-interaction-v0 0.7.12+ba9dae06d1
	- fabric-game-rule-api-v1 1.0.53+6ced4dd9d1
	- fabric-gametest-api-v1 2.0.4+6fc22b99d1
	- fabric-item-api-v1 11.0.0+afdfc921d1
	- fabric-item-group-api-v1 4.1.4+78017270d1
	- fabric-key-binding-api-v1 1.0.47+0af3f5a7d1
	- fabric-keybindings-v0 0.2.45+df3654b3d1
	- fabric-lifecycle-events-v1 2.3.12+6c1df360d1
	- fabric-loot-api-v2 3.0.14+3f89f5a5d1
	- fabric-loot-api-v3 1.0.2+3f89f5a5d1
	- fabric-message-api-v1 6.0.13+6573ed8cd1
	- fabric-model-loading-api-v1 2.0.0+fe474d6bd1
	- fabric-networking-api-v1 4.2.2+60c3209bd1
	- fabric-object-builder-api-v1 15.2.0+a551f7a4d1
	- fabric-particles-v1 4.0.2+6573ed8cd1
	- fabric-recipe-api-v1 5.0.12+65089712d1
	- fabric-registry-sync-v0 5.1.2+60c3209bd1
	- fabric-renderer-api-v1 3.4.0+c705a49cd1
	- fabric-renderer-indigo 1.7.0+c705a49cd1
	- fabric-renderer-registries-v1 3.2.68+df3654b3d1
	- fabric-rendering-data-attachment-v1 0.3.48+73761d2ed1
	- fabric-rendering-fluids-v1 3.1.6+b5597344d1
	- fabric-rendering-v0 1.1.71+df3654b3d1
	- fabric-rendering-v1 5.0.5+df16efd0d1
	- fabric-resource-conditions-api-v1 4.3.0+8dc279b1d1
	- fabric-resource-loader-v0 1.3.0+56599129d1
	- fabric-screen-api-v1 2.0.24+b5597344d1
	- fabric-screen-handler-api-v1 1.3.86+b5597344d1
	- fabric-sound-api-v1 1.0.23+6573ed8cd1
	- fabric-transfer-api-v1 5.1.16+3dccd343d1
	- fabric-transitive-access-wideners-v1 6.1.0+176f9036d1
	- fabricloader 0.16.9
	- iris 1.7.1+mc1.21
	   |-- io_github_douira_glsl-transformer 2.0.1
	   |-- org_anarres_jcpp 1.4.14
	   \-- org_antlr_antlr4-runtime 4.13.1
	- java 21
	- minecraft 1.21
	- mixinextras 0.4.1
	- sodium 0.5.11+mc1.21
	- tutorialmod 1.0.0
[12:17:31] [main/INFO] (FabricLoader/Mixin) SpongePowered MIXIN Subsystem Version=0.8.7 Source=file:/Users/kawikai/.gradle/caches/modules-2/files-2.1/net.fabricmc/sponge-mixin/0.15.4+mixin.0.8.7/6a12aacc794f1078458433116e9ed42c1cc98096/sponge-mixin-0.15.4+mixin.0.8.7.jar Service=Knot/Fabric Env=CLIENT
[12:17:31] [main/INFO] (FabricLoader/Mixin) Loaded Fabric development mappings for mixin remapper!
[12:17:31] [main/INFO] (FabricLoader/Mixin) Compatibility level set to JAVA_17
[12:17:31] [main/INFO] (FabricLoader/Mixin) Compatibility level set to JAVA_21
[12:17:31] [main/INFO] (Sodium) Loaded configuration file for Sodium: 42 options available, 3 override(s) found
[12:17:31] [main/WARN] (Sodium) Force-disabling mixin 'features.render.entity.CuboidMixin' as rule 'mixin.features.render.entity' (added by mods [iris]) disables it and children
[12:17:31] [main/WARN] (Sodium) Force-disabling mixin 'features.render.entity.ModelPartMixin' as rule 'mixin.features.render.entity' (added by mods [iris]) disables it and children
[12:17:31] [main/WARN] (Sodium) Force-disabling mixin 'features.render.entity.cull.EntityRendererMixin' as rule 'mixin.features.render.entity' (added by mods [iris]) disables it and children
[12:17:31] [main/WARN] (Sodium) Force-disabling mixin 'features.render.entity.shadows.EntityRenderDispatcherMixin' as rule 'mixin.features.render.entity' (added by mods [iris]) disables it and children
[12:17:31] [main/WARN] (Sodium) Force-disabling mixin 'features.render.gui.font.GlyphRendererMixin' as rule 'mixin.features.render.gui.font' (added by mods [iris]) disables it and children
[12:17:31] [main/WARN] (Sodium) Force-disabling mixin 'features.render.world.sky.BackgroundRendererMixin' as rule 'mixin.features.render.world.sky' (added by mods [iris]) disables it and children
[12:17:31] [main/WARN] (Sodium) Force-disabling mixin 'features.render.world.sky.ClientWorldMixin' as rule 'mixin.features.render.world.sky' (added by mods [iris]) disables it and children
[12:17:31] [main/WARN] (Sodium) Force-disabling mixin 'features.render.world.sky.WorldRendererMixin' as rule 'mixin.features.render.world.sky' (added by mods [iris]) disables it and children
[12:17:31] [main/INFO] (Sodium-GraphicsAdapterProbe) Searching for graphics cards...
[12:17:31] [main/INFO] (FabricLoader/MixinExtras|Service) Initializing MixinExtras via com.llamalad7.mixinextras.service.MixinExtrasServiceImpl(version=0.4.1).
[12:17:32] [Datafixer Bootstrap/INFO] (Minecraft) 226 Datafixer optimizations took 156 milliseconds
[12:17:35] [Render thread/INFO] (Minecraft) Environment: Environment[sessionHost=https://sessionserver.mojang.com, servicesHost=https://api.minecraftservices.com, name=PROD]
[12:17:35] [Render thread/INFO] (Minecraft) Setting user: Player899
[12:17:35] [Render thread/INFO] (tutorialmod) Registering Mod Items for tutorialmod
[12:17:35] [Render thread/INFO] (tutorialmod) Registering Mod Blocks for tutorialmod
[12:17:35] [Render thread/INFO] (tutorialmod) Registering Item Groups for tutorialmod
[12:17:35] [Render thread/INFO] (Indigo) [Indigo] Different rendering plugin detected; not applying Indigo.
[12:17:35] [Render thread/INFO] (Minecraft) Backend library: LWJGL version 3.3.3-snapshot
[12:17:36] [ForkJoinPool.commonPool-worker-1/WARN] (Iris) [Iris Update Check] This version doesn't have an update index, skipping.
[12:17:36] [Render thread/INFO] (Iris) Debug functionality is disabled.
[12:17:36] [Render thread/INFO] (Iris) DSA support not detected.
[12:17:36] [Render thread/INFO] (Iris) Shaders are disabled because enableShaders is set to false in iris.properties
[12:17:36] [Render thread/INFO] (Minecraft) Found non-pack entry '/Users/kawikai/Desktop/Minecraft-Mod/run/resourcepacks/.DS_Store', ignoring
[12:17:37] [Render thread/INFO] (Iris) Hardware information:
[12:17:37] [Render thread/INFO] (Iris) CPU: 8x Apple M3
[12:17:37] [Render thread/INFO] (Iris) GPU: Apple M3 (Supports OpenGL 4.1 Metal - 89.4)
[12:17:37] [Render thread/INFO] (Iris) OS: Mac OS X (15.7)
[12:17:37] [Render thread/INFO] (Minecraft) Reloading ResourceManager: vanilla, fabric, fabric-api, fabric-api-base, fabric-api-lookup-api-v1, fabric-biome-api-v1, fabric-block-api-v1, fabric-block-view-api-v2, fabric-blockrenderlayer-v1, fabric-client-tags-api-v1, fabric-command-api-v1, fabric-command-api-v2, fabric-commands-v0, fabric-content-registries-v0, fabric-convention-tags-v1, fabric-convention-tags-v2, fabric-crash-report-info-v1, fabric-data-attachment-api-v1, fabric-data-generation-api-v1, fabric-dimensions-v1, fabric-entity-events-v1, fabric-events-interaction-v0, fabric-game-rule-api-v1, fabric-gametest-api-v1, fabric-item-api-v1, fabric-item-group-api-v1, fabric-key-binding-api-v1, fabric-keybindings-v0, fabric-lifecycle-events-v1, fabric-loot-api-v2, fabric-loot-api-v3, fabric-message-api-v1, fabric-model-loading-api-v1, fabric-networking-api-v1, fabric-object-builder-api-v1, fabric-particles-v1, fabric-recipe-api-v1, fabric-registry-sync-v0, fabric-renderer-api-v1, fabric-renderer-indigo, fabric-renderer-registries-v1, fabric-rendering-data-attachment-v1, fabric-rendering-fluids-v1, fabric-rendering-v0, fabric-rendering-v1, fabric-resource-conditions-api-v1, fabric-resource-loader-v0, fabric-screen-api-v1, fabric-screen-handler-api-v1, fabric-sound-api-v1, fabric-transfer-api-v1, fabric-transitive-access-wideners-v1, fabricloader, iris, sodium, tutorialmod
[12:17:37] [Worker-Main-6/INFO] (Minecraft) Found unifont_all_no_pua-15.1.05.hex, loading
[12:17:37] [Worker-Main-2/INFO] (Minecraft) Found unifont_jp_patch-15.1.05.hex, loading
[12:17:38] [Worker-Main-7/WARN] (Minecraft) Missing textures in model tutorialmod:porcupine_spawn_egg#inventory:
    minecraft:textures/atlas/blocks.png:tutorialmod:item/porcupine_spawn_egg
[12:17:38] [Render thread/WARN] (Minecraft) Missing sound for event: minecraft:item.goat_horn.play
[12:17:38] [Render thread/WARN] (Minecraft) Missing sound for event: minecraft:entity.goat.screaming.horn_break
[12:17:40] [Render thread/INFO] (Minecraft) OpenAL initialized on device MacBook Pro Speakers
[12:17:40] [Render thread/INFO] (Minecraft) Sound engine started
[12:17:40] [Render thread/INFO] (Minecraft) Created: 1024x512x4 minecraft:textures/atlas/blocks.png-atlas
[12:17:40] [Render thread/INFO] (Minecraft) Created: 256x256x4 minecraft:textures/atlas/signs.png-atlas
[12:17:40] [Render thread/INFO] (Minecraft) Created: 512x512x4 minecraft:textures/atlas/shield_patterns.png-atlas
[12:17:40] [Render thread/INFO] (Minecraft) Created: 512x512x4 minecraft:textures/atlas/banner_patterns.png-atlas
[12:17:40] [Render thread/INFO] (Minecraft) Created: 2048x1024x4 minecraft:textures/atlas/armor_trims.png-atlas
[12:17:40] [Render thread/INFO] (Minecraft) Created: 128x64x4 minecraft:textures/atlas/decorated_pot.png-atlas
[12:17:40] [Render thread/INFO] (Minecraft) Created: 256x256x4 minecraft:textures/atlas/chest.png-atlas
[12:17:40] [Render thread/INFO] (Minecraft) Created: 512x256x4 minecraft:textures/atlas/shulker_boxes.png-atlas
[12:17:40] [Render thread/INFO] (Minecraft) Created: 512x256x4 minecraft:textures/atlas/beds.png-atlas
[12:17:40] [Render thread/INFO] (Minecraft) Created: 512x256x0 minecraft:textures/atlas/particles.png-atlas
[12:17:40] [Render thread/INFO] (Minecraft) Created: 512x256x0 minecraft:textures/atlas/paintings.png-atlas
[12:17:40] [Render thread/INFO] (Minecraft) Created: 256x128x0 minecraft:textures/atlas/mob_effects.png-atlas
[12:17:40] [Render thread/INFO] (Minecraft) Created: 64x64x0 minecraft:textures/atlas/map_decorations.png-atlas
[12:17:40] [Render thread/INFO] (Minecraft) Created: 1024x512x0 minecraft:textures/atlas/gui.png-atlas
[12:17:40] [Render thread/WARN] (Minecraft) Shader rendertype_entity_translucent_emissive could not find sampler named Sampler2 in the specified shader program.
[12:17:40] [Render thread/INFO] (Iris) Creating pipeline for dimension minecraft:overworld
[12:17:48] [Render thread/INFO] (Minecraft) Loaded 1320 recipes
[12:17:48] [Render thread/INFO] (Minecraft) Loaded 1408 advancements
[12:17:49] [Render thread/INFO] (BiomeModificationImpl) Applied 281 biome modifications to 64 of 64 new biomes in 4.591 ms
[12:17:49] [Server thread/INFO] (Minecraft) Starting integrated minecraft server version 1.21
[12:17:49] [Server thread/INFO] (Minecraft) Generating keypair
[12:17:50] [Server thread/INFO] (Minecraft) Preparing start region for dimension minecraft:overworld
[12:17:50] [Render thread/INFO] (Minecraft) Preparing spawn area: 0%
[12:17:50] [Render thread/INFO] (Minecraft) Time elapsed: 198 ms
[12:17:50] [Server thread/WARN] (TranslationConventionLogWarnings) 
	Dev warning - Untranslated Item Tags detected. Please translate your item tags so other mods such as recipe viewers can properly display your tag's name.
	The format desired is tag.item.<namespace>.<path> for the translation key with slashes in path turned into periods.
	To disable this message, set this system property in your runs: `-Dfabric-tag-conventions-v2.missingTagTranslationWarning=SILENCED`.
	To see individual untranslated item tags found, set the system property to `-Dfabric-tag-conventions-v2.missingTagTranslationWarning=VERBOSE`.
	Default is `SHORT`.

[12:17:50] [Server thread/INFO] (Minecraft) Changing view distance to 12, from 10
[12:17:50] [Server thread/INFO] (Minecraft) Changing simulation distance to 12, from 0
[12:17:50] [Server thread/INFO] (Minecraft) Player899[local:E:5c316868] logged in with entity id 21 at (-40.07476696259415, 71.0, -126.45349853396186)
[12:17:50] [Server thread/INFO] (Minecraft) Player899 joined the game
[12:17:50] [Render thread/INFO] (Iris) Reloading pipeline on dimension change: minecraft:overworld => minecraft:overworld
[12:17:50] [Render thread/INFO] (Iris) Destroying pipeline minecraft:overworld
[12:17:50] [Render thread/INFO] (Iris) Creating pipeline for dimension minecraft:overworld
[12:17:50] [Render thread/INFO] (ChunkBuilder) Started 2 worker threads
[12:17:51] [Render thread/INFO] (Minecraft) Loaded 2 advancements
[12:17:51] [Render thread/WARN] (Minecraft) Received passengers for unknown entity
[12:18:23] [Server thread/INFO] (Minecraft) Saving and pausing game...
[12:18:23] [Server thread/INFO] (Minecraft) Saving chunks for level 'ServerLevel[New World]'/minecraft:overworld
[12:18:23] [Server thread/INFO] (Minecraft) Saving chunks for level 'ServerLevel[New World]'/minecraft:the_end
[12:18:23] [Server thread/INFO] (Minecraft) Saving chunks for level 'ServerLevel[New World]'/minecraft:the_nether
[12:18:25] [Render thread/INFO] (Minecraft) Stopping!
[12:18:25] [Server thread/INFO] (Minecraft) Player899 lost connection: Disconnected
[12:18:25] [Server thread/INFO] (Minecraft) Player899 left the game
[12:18:25] [Server thread/INFO] (Minecraft) Stopping singleplayer server as player logged out
[12:18:25] [Server thread/INFO] (Minecraft) Stopping server
[12:18:25] [Server thread/INFO] (Minecraft) Saving players
[12:18:25] [Server thread/INFO] (Minecraft) Saving worlds
[12:18:25] [Server thread/INFO] (Minecraft) Saving chunks for level 'ServerLevel[New World]'/minecraft:overworld
[12:18:25] [Server thread/INFO] (Minecraft) Saving chunks for level 'ServerLevel[New World]'/minecraft:the_end
[12:18:25] [Server thread/INFO] (Minecraft) Saving chunks for level 'ServerLevel[New World]'/minecraft:the_nether
[12:18:25] [Server thread/INFO] (Minecraft) ThreadedAnvilChunkStorage (New World (32)): All chunks are saved
[12:18:25] [Server thread/INFO] (Minecraft) ThreadedAnvilChunkStorage (DIM1): All chunks are saved
[12:18:25] [Server thread/INFO] (Minecraft) ThreadedAnvilChunkStorage (DIM-1): All chunks are saved
[12:18:25] [Server thread/INFO] (Minecraft) ThreadedAnvilChunkStorage: All dimensions are saved
[12:18:25] [Render thread/INFO] (ChunkBuilder) Stopping worker threads
